<?xml version="1.0" encoding="UTF-8"?>
<!-- Generated by org.testng.reporters.JUnitXMLReporter -->
<testsuite ignored="0" hostname="Itctesting18" failures="0" tests="4" name="Default test" time="18.496" errors="0" timestamp="2022-07-09T19:50:55 GMT+05:30">
  <testcase classname="testngExcel.registerReader" name="test" time="1.238"/>
  <testcase classname="testngExcel.registerReader" name="test" time="1.245"/>
  <testcase classname="testngExcel.registerReader" name="test" time="1.277"/>
  <testcase classname="testngExcel.registerReader" name="test" time="1.315"/>
</testsuite> <!-- Default test -->
